10 1 1
10 1 1
10 1 1
13 0 544 448 544 2176
13 0 688 448 688 2176
13 0 832 448 832 2176
13 0 992 448 992 2176
17 0 inv 592 352 1
17 0 inv 736 352 1
17 0 inv 880 336 1
17 0 inv 1040 352 1
17 0 3
17 0 inv 880 352 1
13 0 544 352 544 304
13 0 688 352 688 304
13 0 832 352 832 304
13 0 992 352 992 304
13 5 544 304 A
13 5 688 304 B
13 5 832 304 C
13 5 992 304 D
13 8 544 288 0
13 8 544 304 0
13 8 544 304 0
13 8 544 304 0
13 8 544 288 0
13 8 544 304 0
13 8 544 304 1
13 8 688 304 1
13 8 832 304 1
13 8 992 304 1
13 2 544 448 544 2176
13 0 544 2176 544 448
13 2 544 448 544 2176
13 0 544 2416 544 448
13 2 688 448 688 2176
13 0 688 2416 688 448
13 2 832 448 832 2176
13 0 848 2416 848 448
13 0 848 448 832 448
13 2 992 448 992 2176
13 0 1008 2416 1008 448
13 0 1008 448 992 448
13 2 992 448 1008 448
13 2 1008 448 1008 2416
13 0 992 448 992 2176
13 2 832 448 848 448
13 2 848 448 848 2416
13 0 832 448 832 2176
13 2 832 448 832 2176
13 0 832 2400 832 448
13 2 992 448 992 2176
13 0 992 2416 992 448
13 2 832 448 832 2400
13 0 832 2416 832 448
17 0 and4 1136 432 0
17 0 and4 1136 576 0
17 0 and4 1136 704 0
17 0 7
17 0 6
17 0 5
17 0 and4 1232 400 0
17 0 and4 1232 528 0
17 0 and4 1232 656 0
17 0 and4 1232 784 0
17 0 8
17 0 7
17 0 6
17 0 5
17 0 and4 1152 480 0
17 0 and4 1152 592 0
17 0 and4 1152 704 0
17 0 and4 1152 816 0
17 0 or4 1424 640 0
13 0 1296 576 1424 576
13 0 1424 576 1424 688
13 0 1296 688 1344 688
13 0 1344 688 1344 720
13 0 1344 720 1424 720
13 0 1296 800 1344 800
13 0 1344 800 1344 752
13 0 1344 752 1424 752
13 0 1296 912 1424 912
13 0 1424 912 1424 784
13 0 992 2384 992 448
13 2 992 448 992 2384
13 2 992 2384 992 2416
13 0 992 2416 992 448
13 2 992 448 992 2416
13 0 1008 2560 1008 448
13 0 1008 448 992 448
13 2 992 448 1008 448
13 2 1008 448 1008 2560
13 0 992 448 992 2416
13 2 992 448 992 2416
13 0 992 2576 992 448
13 2 832 448 832 2416
13 0 832 2576 832 448
13 2 688 448 688 2416
13 0 688 2576 688 448
13 2 544 448 544 2416
13 0 544 2576 544 448
17 0 inv 1024 576 0
17 0 inv 1040 624 0
17 0 inv 1024 704 0
17 0 inv 1040 736 0
17 0 inv 1040 800 0
13 2 1296 576 1424 576
13 2 1296 688 1344 688
13 2 1344 720 1424 720
13 2 1344 752 1424 752
13 2 1296 800 1344 800
13 2 1296 912 1424 912
13 2 1344 688 1344 720
13 2 1344 752 1344 800
13 2 1424 576 1424 688
13 2 1424 784 1424 912
17 0 9
17 0 8
17 0 7
17 0 6
17 0 5
17 0 or4 1552 592 0
17 0 and4 1280 768 0
17 0 and4 1280 656 0
17 0 and4 1280 544 0
17 0 and4 1280 432 0
13 0 1424 528 1552 528
13 0 1424 640 1472 640
13 0 1472 672 1552 672
13 0 1472 704 1552 704
13 0 1424 752 1472 752
13 0 1424 864 1552 864
13 0 1472 640 1472 672
13 0 1472 704 1472 752
13 0 1552 528 1552 640
13 0 1552 736 1552 864
13 2 1424 528 1552 528
13 2 1424 640 1472 640
13 2 1472 672 1552 672
13 2 1472 704 1552 704
13 2 1424 752 1472 752
13 2 1424 864 1552 864
13 2 1472 640 1472 672
13 2 1472 704 1472 752
13 2 1552 528 1552 640
13 2 1552 736 1552 864
17 0 5
17 0 6
17 0 7
17 0 8
17 0 9
17 0 or4 1536 608 0
17 0 and4 1264 784 0
17 0 and4 1264 672 0
17 0 and4 1264 560 0
17 0 and4 1264 448 0
13 0 1408 544 1536 544
13 0 1408 656 1456 656
13 0 1456 688 1536 688
13 0 1456 720 1536 720
13 0 1408 768 1456 768
13 0 1408 880 1536 880
13 0 1456 656 1456 688
13 0 1456 720 1456 768
13 0 1536 544 1536 656
13 0 1536 752 1536 880
13 2 1456 688 1536 688
13 2 1456 720 1536 720
13 2 1536 544 1536 656
13 2 1536 752 1536 880
17 0 9
17 0 or4 1536 608 0
13 0 1456 688 1536 688
13 0 1520 720 1536 720
13 0 1456 720 1520 720
13 0 1536 544 1536 656
13 0 1536 752 1536 880
17 0 10
17 0 inv 1056 480 0
17 0 11
17 0 inv 1040 560 0
17 0 11
17 0 12
17 0 13
17 0 14
17 0 10
13 2 544 304 544 352
13 2 544 448 544 2576
17 0 1
17 0 inv 592 352 1
13 0 544 304 544 352
13 0 544 448 544 2576
13 0 544 336 608 336
13 0 608 336 608 2576
13 0 688 336 752 336
13 0 752 336 752 2576
13 0 832 336 896 336
13 0 896 336 896 2576
13 0 992 336 1056 336
13 0 1056 336 1056 2576
13 0 1264 496 544 496
13 0 1264 528 688 528
13 0 1264 560 832 560
13 0 1264 592 1056 592
13 0 1264 608 544 608
13 0 1264 640 752 640
13 0 1264 672 832 672
13 0 1264 704 992 704
13 0 1264 720 608 720
13 0 1264 752 752 752
13 0 1264 784 832 784
13 0 832 784 832 800
13 0 1264 816 1056 816
13 0 1264 832 608 832
13 0 1264 864 688 864
13 0 1264 896 896 896
13 0 1264 928 1056 928
17 0 and3 1264 944 0
17 0 and4 1264 1040 0
17 0 and4 1264 1184 0
17 0 and4 1264 1312 0
17 0 or4 1568 1104 0
13 0 1408 1024 1568 1024
13 0 1568 1024 1568 1152
13 0 1408 1136 1552 1136
13 0 1552 1136 1552 1184
13 0 1552 1184 1568 1184
13 0 1424 1280 1488 1280
13 0 1488 1280 1488 1184
13 2 1488 1184 1488 1280
13 2 1424 1280 1488 1280
13 0 1408 1280 1408 1216
13 0 1408 1216 1568 1216
13 0 1408 1408 1568 1408
13 0 1568 1408 1568 1248
13 2 544 336 608 336
13 2 688 336 752 336
13 2 832 336 896 336
13 2 992 336 1056 336
13 2 544 496 1264 496
13 2 688 528 1264 528
13 2 1408 544 1536 544
13 2 832 560 1264 560
13 2 1056 592 1264 592
13 2 544 608 1264 608
13 2 752 640 1264 640
13 2 1408 656 1456 656
13 2 832 672 1264 672
13 2 1456 688 1536 688
13 2 992 704 1264 704
13 2 608 720 1264 720
13 2 1456 720 1536 720
13 2 752 752 1264 752
13 2 1408 768 1456 768
13 2 832 784 1264 784
13 2 1056 816 1264 816
13 2 608 832 1264 832
13 2 688 864 1264 864
13 2 1408 880 1536 880
13 2 896 896 1264 896
13 2 1056 928 1264 928
13 2 1408 1024 1568 1024
13 2 1408 1136 1552 1136
13 2 1552 1184 1568 1184
13 2 1408 1216 1568 1216
13 2 1408 1408 1568 1408
13 0 544 304 544 336
13 2 544 304 544 336
13 2 544 336 544 352
13 0 544 448 544 496
13 2 544 448 544 496
13 0 544 496 544 608
13 2 544 496 544 608
13 2 544 608 544 2576
13 0 608 336 608 720
13 2 608 336 608 720
13 0 608 720 608 832
13 2 608 720 608 832
13 2 608 832 608 2576
13 0 688 304 688 336
13 2 688 304 688 336
13 2 688 336 688 352
13 0 688 448 688 528
13 2 688 448 688 528
13 0 688 528 688 864
13 2 688 528 688 864
13 2 688 864 688 2576
13 0 752 336 752 640
13 2 752 336 752 640
13 0 752 640 752 752
13 2 752 640 752 752
13 2 752 752 752 2576
13 0 832 304 832 336
13 2 832 304 832 336
13 2 832 336 832 352
13 0 832 448 832 560
13 2 832 448 832 560
13 0 832 560 832 672
13 2 832 560 832 672
13 0 832 672 832 784
13 2 832 672 832 784
13 2 832 784 832 2576
13 0 896 336 896 896
13 2 896 336 896 896
13 2 896 896 896 2576
13 0 992 304 992 336
13 2 992 304 992 336
13 2 992 336 992 352
13 0 992 448 992 704
13 2 992 448 992 704
13 2 992 704 992 2576
13 0 1056 336 1056 592
13 2 1056 336 1056 592
13 0 1056 592 1056 816
13 2 1056 592 1056 816
13 0 1056 816 1056 928
13 2 1056 816 1056 928
13 2 1056 928 1056 2576
13 2 1408 1216 1408 1280
13 2 1456 656 1456 688
13 2 1456 720 1456 768
13 2 1536 544 1536 656
13 2 1536 752 1536 880
13 2 1552 1136 1552 1184
13 2 1568 1024 1568 1152
13 2 1568 1248 1568 1408
13 7 544 304
13 8 544 304 0
13 7 688 304
13 8 688 304 0
13 7 832 304
13 8 832 304 0
13 7 992 304
13 8 992 304 0
17 0 11
17 0 12
17 0 13
17 0 14
17 0 10
17 0 9
17 0 8
17 0 7
17 0 6
17 0 5
17 0 3
17 0 4
17 0 2
17 0 1
17 0 or4 1520 864 0
17 0 and4 1216 1072 0
17 0 and4 1216 944 0
17 0 and4 1216 800 0
17 0 and3 1216 704 0
17 0 or4 1488 368 0
17 0 and4 1216 544 0
17 0 and4 1216 432 0
17 0 and4 1216 320 0
17 0 and4 1216 208 0
17 0 inv 832 112 1
17 0 inv 992 112 1
17 0 inv 688 112 1
17 0 inv 544 112 1
13 0 496 96 560 96
13 0 640 96 704 96
13 0 784 96 848 96
13 0 944 96 1008 96
13 0 496 256 1216 256
13 0 640 288 1216 288
13 0 1360 304 1488 304
13 0 784 320 1216 320
13 0 1008 352 1216 352
13 0 496 368 1216 368
13 0 704 400 1216 400
13 0 1360 416 1408 416
13 0 784 432 1216 432
13 0 1408 448 1488 448
13 0 944 464 1216 464
13 0 560 480 1216 480
13 0 1408 480 1488 480
13 0 704 512 1216 512
13 0 1360 528 1408 528
13 0 784 544 1216 544
13 0 1008 576 1216 576
13 0 560 592 1216 592
13 0 640 624 1216 624
13 0 1360 640 1488 640
13 0 848 656 1216 656
13 0 1008 688 1216 688
13 0 1360 784 1520 784
13 0 1360 896 1504 896
13 0 1504 944 1520 944
13 0 1360 976 1520 976
13 0 1360 1168 1520 1168
13 0 496 64 496 96
13 0 496 96 496 112
13 0 496 208 496 256
13 0 496 256 496 368
13 0 496 368 496 2336
13 0 560 96 560 480
13 0 560 480 560 592
13 0 560 592 560 2336
13 0 640 64 640 96
13 0 640 96 640 112
13 0 640 208 640 288
13 0 640 288 640 624
13 0 640 624 640 2336
13 0 704 96 704 400
13 0 704 400 704 512
13 0 704 512 704 2336
13 0 784 64 784 96
13 0 784 96 784 112
13 0 784 208 784 320
13 0 784 320 784 432
13 0 784 432 784 544
13 0 784 544 784 2336
13 0 848 96 848 656
13 0 848 656 848 2336
13 0 944 64 944 96
13 0 944 96 944 112
13 0 944 208 944 464
13 0 944 464 944 2336
13 0 1008 96 1008 352
13 0 1008 352 1008 576
13 0 1008 576 1008 688
13 0 1008 688 1008 2336
13 0 1360 976 1360 1040
13 0 1408 416 1408 448
13 0 1408 480 1408 528
13 0 1488 304 1488 416
13 0 1488 512 1488 640
13 0 1504 896 1504 944
13 0 1520 784 1520 912
13 0 1520 1008 1520 1168
13 5 496 64 A
13 5 640 64 B
13 5 784 64 C
13 5 944 64 D
13 8 544 304 1
13 8 688 304 1
13 8 832 304 1
13 8 992 304 1
13 8 496 64 1
13 8 640 64 1
13 8 784 64 1
13 8 944 64 1
13 2 1520 1008 1520 1168
13 2 1520 784 1520 912
13 2 1504 896 1504 944
13 2 1488 512 1488 640
13 2 1488 304 1488 416
13 2 1408 480 1408 528
13 2 1408 416 1408 448
13 2 1360 976 1360 1040
13 2 1008 688 1008 2336
13 2 1008 576 1008 688
13 2 1008 352 1008 576
13 2 1008 96 1008 352
13 2 944 464 944 2336
13 2 944 208 944 464
13 2 944 96 944 112
13 2 944 64 944 96
13 2 848 656 848 2336
13 2 848 96 848 656
13 2 784 544 784 2336
13 2 784 432 784 544
13 2 784 320 784 432
13 2 784 208 784 320
13 2 784 96 784 112
13 2 784 64 784 96
13 2 704 512 704 2336
13 2 704 400 704 512
13 2 704 96 704 400
13 2 640 624 640 2336
13 2 640 288 640 624
13 2 640 208 640 288
13 2 640 96 640 112
13 2 640 64 640 96
13 2 560 592 560 2336
13 2 560 480 560 592
13 2 560 96 560 480
13 2 496 368 496 2336
13 2 496 256 496 368
13 2 496 208 496 256
13 2 496 96 496 112
13 2 496 64 496 96
13 2 1360 1168 1520 1168
13 2 1360 976 1520 976
13 2 1504 944 1520 944
13 2 1360 896 1504 896
13 2 1360 784 1520 784
13 2 1008 688 1216 688
13 2 848 656 1216 656
13 2 1360 640 1488 640
13 2 640 624 1216 624
13 2 560 592 1216 592
13 2 1008 576 1216 576
13 2 784 544 1216 544
13 2 1360 528 1408 528
13 2 704 512 1216 512
13 2 1408 480 1488 480
13 2 560 480 1216 480
13 2 944 464 1216 464
13 2 1408 448 1488 448
13 2 784 432 1216 432
13 2 1360 416 1408 416
13 2 704 400 1216 400
13 2 496 368 1216 368
13 2 1008 352 1216 352
13 2 784 320 1216 320
13 2 1360 304 1488 304
13 2 640 288 1216 288
13 2 496 256 1216 256
13 2 944 96 1008 96
13 2 784 96 848 96
13 2 640 96 704 96
13 2 496 96 560 96
13 7 944 64
13 8 944 64 0
13 7 784 64
13 8 784 64 0
13 7 640 64
13 8 640 64 0
13 7 496 64
13 8 496 64 0
17 0 1
17 0 2
17 0 4
17 0 3
17 0 5
17 0 6
17 0 7
17 0 8
17 0 9
17 0 10
17 0 14
17 0 13
17 0 12
17 0 11
17 0 or4 1568 1104 0
17 0 and4 1264 1312 0
17 0 and4 1264 1184 0
17 0 and4 1264 1040 0
17 0 and3 1264 944 0
17 0 or4 1536 608 0
17 0 and4 1264 784 0
17 0 and4 1264 672 0
17 0 and4 1264 560 0
17 0 and4 1264 448 0
17 0 inv 880 352 1
17 0 inv 1040 352 1
17 0 inv 736 352 1
17 0 inv 592 352 1
13 0 1568 1248 1568 1408
13 0 1568 1024 1568 1152
13 0 1552 1136 1552 1184
13 0 1536 752 1536 880
13 0 1536 544 1536 656
13 0 1456 720 1456 768
13 0 1456 656 1456 688
13 0 1408 1216 1408 1280
13 0 1056 928 1056 2576
13 0 1056 816 1056 928
13 0 1056 592 1056 816
13 0 1056 336 1056 592
13 0 992 704 992 2576
13 0 992 448 992 704
13 0 992 336 992 352
13 0 992 304 992 336
13 0 896 896 896 2576
13 0 896 336 896 896
13 0 832 784 832 2576
13 0 832 672 832 784
13 0 832 560 832 672
13 0 832 448 832 560
13 0 832 336 832 352
13 0 832 304 832 336
13 0 752 752 752 2576
13 0 752 640 752 752
13 0 752 336 752 640
13 0 688 864 688 2576
13 0 688 528 688 864
13 0 688 448 688 528
13 0 688 336 688 352
13 0 688 304 688 336
13 0 608 832 608 2576
13 0 608 720 608 832
13 0 608 336 608 720
13 0 544 608 544 2576
13 0 544 496 544 608
13 0 544 448 544 496
13 0 544 336 544 352
13 0 544 304 544 336
13 0 1408 1408 1568 1408
13 0 1408 1216 1568 1216
13 0 1552 1184 1568 1184
13 0 1408 1136 1552 1136
13 0 1408 1024 1568 1024
13 0 1056 928 1264 928
13 0 896 896 1264 896
13 0 1408 880 1536 880
13 0 688 864 1264 864
13 0 608 832 1264 832
13 0 1056 816 1264 816
13 0 832 784 1264 784
13 0 1408 768 1456 768
13 0 752 752 1264 752
13 0 1456 720 1536 720
13 0 608 720 1264 720
13 0 992 704 1264 704
13 0 1456 688 1536 688
13 0 832 672 1264 672
13 0 1408 656 1456 656
13 0 752 640 1264 640
13 0 544 608 1264 608
13 0 1056 592 1264 592
13 0 832 560 1264 560
13 0 1408 544 1536 544
13 0 688 528 1264 528
13 0 544 496 1264 496
13 0 992 336 1056 336
13 0 832 336 896 336
13 0 688 336 752 336
13 0 544 336 608 336
13 5 992 304 D
13 5 832 304 C
13 5 688 304 B
13 5 544 304 A
13 8 944 64 1
13 8 784 64 1
13 8 640 64 1
13 8 496 64 1
13 8 992 304 1
13 8 832 304 1
13 8 688 304 1
13 8 544 304 1
13 8 992 304 1
13 8 832 304 1
13 8 688 304 1
13 8 544 304 1
13 2 544 336 608 336
13 2 688 336 752 336
13 2 832 336 896 336
13 2 992 336 1056 336
13 2 544 496 1264 496
13 2 688 528 1264 528
13 2 1408 544 1536 544
13 2 832 560 1264 560
13 2 1056 592 1264 592
13 2 544 608 1264 608
13 2 752 640 1264 640
13 2 1408 656 1456 656
13 2 832 672 1264 672
13 2 1456 688 1536 688
13 2 992 704 1264 704
13 2 608 720 1264 720
13 2 1456 720 1536 720
13 2 752 752 1264 752
13 2 1408 768 1456 768
13 2 832 784 1264 784
13 2 1056 816 1264 816
13 2 608 832 1264 832
13 2 688 864 1264 864
13 2 1408 880 1536 880
13 2 896 896 1264 896
13 2 1056 928 1264 928
13 2 1408 1024 1568 1024
13 2 1408 1136 1552 1136
13 2 1552 1184 1568 1184
13 2 1408 1216 1568 1216
13 2 1408 1408 1568 1408
13 0 544 304 544 336
13 2 544 304 544 336
13 2 544 336 544 352
13 0 544 448 544 496
13 2 544 448 544 496
13 0 544 496 544 608
13 2 544 496 544 608
13 2 544 608 544 2576
13 0 608 336 608 720
13 2 608 336 608 720
13 0 608 720 608 832
13 2 608 720 608 832
13 2 608 832 608 2576
13 0 688 304 688 336
13 2 688 304 688 336
13 2 688 336 688 352
13 0 688 448 688 528
13 2 688 448 688 528
13 0 688 528 688 864
13 2 688 528 688 864
13 2 688 864 688 2576
13 0 752 336 752 640
13 2 752 336 752 640
13 0 752 640 752 752
13 2 752 640 752 752
13 2 752 752 752 2576
13 0 832 304 832 336
13 2 832 304 832 336
13 2 832 336 832 352
13 0 832 448 832 560
13 2 832 448 832 560
13 0 832 560 832 672
13 2 832 560 832 672
13 0 832 672 832 784
13 2 832 672 832 784
13 2 832 784 832 2576
13 0 896 336 896 896
13 2 896 336 896 896
13 2 896 896 896 2576
13 0 992 304 992 336
13 2 992 304 992 336
13 2 992 336 992 352
13 0 992 448 992 704
13 2 992 448 992 704
13 2 992 704 992 2576
13 0 1056 336 1056 592
13 2 1056 336 1056 592
13 0 1056 592 1056 816
13 2 1056 592 1056 816
13 0 1056 816 1056 928
13 2 1056 816 1056 928
13 2 1056 928 1056 2576
13 2 1408 1216 1408 1280
13 2 1456 656 1456 688
13 2 1456 720 1456 768
13 2 1536 544 1536 656
13 2 1536 752 1536 880
13 2 1552 1136 1552 1184
13 2 1568 1024 1568 1152
13 2 1568 1248 1568 1408
13 7 544 304
13 8 544 304 0
13 7 688 304
13 8 688 304 0
13 7 832 304
13 8 832 304 0
13 7 992 304
13 8 992 304 0
17 0 11
17 0 12
17 0 13
17 0 14
17 0 10
17 0 9
17 0 8
17 0 7
17 0 6
17 0 5
17 0 3
17 0 4
17 0 2
17 0 1
17 0 or4 1504 976 0
17 0 and4 1200 1184 0
17 0 and4 1200 1056 0
17 0 and4 1200 912 0
17 0 and3 1200 816 0
17 0 or4 1472 480 0
17 0 and4 1200 656 0
17 0 and4 1200 544 0
17 0 and4 1200 432 0
17 0 and4 1200 320 0
17 0 inv 816 224 1
17 0 inv 976 224 1
17 0 inv 672 224 1
17 0 inv 528 224 1
13 0 480 208 544 208
13 0 624 208 688 208
13 0 768 208 832 208
13 0 928 208 992 208
13 0 480 368 1200 368
13 0 624 400 1200 400
13 0 1344 416 1472 416
13 0 768 432 1200 432
13 0 992 464 1200 464
13 0 480 480 1200 480
13 0 688 512 1200 512
13 0 1344 528 1392 528
13 0 768 544 1200 544
13 0 1392 560 1472 560
13 0 928 576 1200 576
13 0 544 592 1200 592
13 0 1392 592 1472 592
13 0 688 624 1200 624
13 0 1344 640 1392 640
13 0 768 656 1200 656
13 0 992 688 1200 688
13 0 544 704 1200 704
13 0 624 736 1200 736
13 0 1344 752 1472 752
13 0 832 768 1200 768
13 0 992 800 1200 800
13 0 1344 896 1504 896
13 0 1344 1008 1488 1008
13 0 1488 1056 1504 1056
13 0 1344 1088 1504 1088
13 0 1344 1280 1504 1280
13 0 480 176 480 208
13 0 480 208 480 224
13 0 480 320 480 368
13 0 480 368 480 480
13 0 480 480 480 2448
13 0 544 208 544 592
13 0 544 592 544 704
13 0 544 704 544 2448
13 0 624 176 624 208
13 0 624 208 624 224
13 0 624 320 624 400
13 0 624 400 624 736
13 0 624 736 624 2448
13 0 688 208 688 512
13 0 688 512 688 624
13 0 688 624 688 2448
13 0 768 176 768 208
13 0 768 208 768 224
