synthesis:  version Diamond (64-bit) 2.2.0.101

Copyright (c) 1991-1994 by NeoCAD Inc. All rights reserved.
Copyright (c) 1995 AT&T Corp.   All rights reserved.
Copyright (c) 1995-2001 Lucent Technologies Inc.  All rights reserved.
Copyright (c) 2001 Agere Systems   All rights reserved.
Copyright (c) 2002-2013 Lattice Semiconductor Corporation,  All rights reserved.
Mon May 12 13:31:49 2014


Command Line:  synthesis -f Lab4_Remote_Lab4_Remote_lattice.synproj 

-- all messages logged in file synthesis.log
INFO: Synthesis Options: (LSE-1022)
INFO: -a option is = MachXO2
INFO: -s option is = 4
INFO: -t option is = TQFP144
INFO: -d option is = LCMXO2-7000HE
INFO: Using package TQFP144
INFO: Using performance grade 4
INFO:                                                           
INFO: ##########################################################
INFO: ### Lattice Family : MachXO2A
INFO: ### Device  : LCMXO2-7000HE
INFO: ### Package : TQFP144
INFO: ### Speed   : 4
INFO: ##########################################################
INFO:                                                           
INFO: Optimization Goal = Balanced
INFO: Top level module name = SmartRemote
INFO: Target Frequency = 200.000000 MHz
INFO: Max Fanout = 1000
INFO: Timing Path count = 3
INFO: bram Utilization = 100.000000 %
INFO: dsp usage = TRUE (default)
INFO: dsp utilization = 100 (default)
INFO: fsm_encoding_style = auto
INFO: resolve_mixed_drivers = 0
INFO: fix_gated_clocks = 1
INFO: Mux style = Auto
INFO: Use Carry Chain = TRUE
INFO: carry_chain_length = 0
INFO: Use IO Insertion = TRUE
INFO: Use IO Reg = TRUE
INFO: Resource Sharing = TRUE
INFO: Propagate Constants = TRUE
INFO: Remove Duplicate Registers = TRUE
INFO: force_gsr = auto
INFO: ROM style = auto
INFO: RAM style = auto
INFO: -comp option is FALSE
INFO: -syn option is FALSE
INFO: -p Z:/Windows.Documents/Desktop/ECE272Lab4 (searchpath added)
INFO: -p C:/lscc/diamond/2.2_x64/ispfpga/xo2c00/data (searchpath added)
INFO: -p Z:/Windows.Documents/Desktop/ECE272Lab4/Lab4_Remote (searchpath added)
INFO: -p Z:/Windows.Documents/Desktop/ECE272Lab4 (searchpath added)
INFO: Verilog design file = Z:/Windows.Documents/Desktop/ECE272Lab4/Lab4_Remote/RemoteControllerSchematic.v
INFO: Verilog design file = Z:/Windows.Documents/Desktop/ECE272Lab4/Smart_Remote.v
INFO: Ngd file = Lab4_Remote_Lab4_Remote.ngd
INFO: -sdc option: sdc file input not used
INFO: -lpf option: output file option is OFF
INFO: hardtimer checking is enabled (default); -dt option not used
INFO: -r option is OFF [ Remove LOC Properties is OFF ]
-- Technology check ok...MachXO, MachXO2...
INFO: Top level module name = SmartRemote


WARNING: Skipping pad insertion on A due to black_box_pad_pin attribute (LSE-1156)
WARNING: Skipping pad insertion on B due to black_box_pad_pin attribute (LSE-1156)
WARNING: Skipping pad insertion on C due to black_box_pad_pin attribute (LSE-1156)
INFO: GSR Instance connected to net: n1 (LSE-1149)
INFO: GSR will not be inferred since no asynchronous signal was found in netlist (LSE-1148)
WARNING: No lpf file will be written because -lpf option is not used or set to 0
INFO: Applying 200.000000 MHz constraint to all clocks (LSE-5000)
INFO: Results of ngd drc checks are available in SmartRemote_drc.log
INFO: All blocks are expanded and NGD expansion is successful
INFO: Writing ngd file Lab4_Remote_Lab4_Remote.ngd

################### Begin Area Report (SmartRemote)######################
Number of register bits => 0 of 6864 (0 % )
AND2 => 3
AND3 => 2
GSR => 1
IB => 5
INV => 3
LUT4 => 4
OB => 4
OR2 => 3
################### End Area Report ##################

################### Begin Clock Report ######################
Clock Nets
Number of Clocks: 0
Clock Enable Nets
Number of Clock Enables: 0
Highest fanout non-clock nets
Top 10 highest fanout non-clock nets:
  Net : ANLG_Ldir_c, loads : 4
  Net : ANLG_Rdir_c, loads : 4
  Net : N_28, loads : 4
  Net : N_27, loads : 4
  Net : N_26, loads : 3
  Net : N_11, loads : 2
  Net : N_9, loads : 2
  Net : N_16, loads : 2
  Net : LE_o_c, loads : 1
  Net : RE_o_c, loads : 1
################### End Clock Report ##################

Peak Memory Usage: 58.879  MB

--------------------------------------------------------------
Elapsed CPU time for LSE flow : 0.203  secs
--------------------------------------------------------------
