--------------------------------------------------------------------------------
Lattice Synthesis Timing Report, Version  
Wed Apr 23 13:05:40 2014

Copyright (c) 1991-1994 by NeoCAD Inc. All rights reserved.
Copyright (c) 1995 AT&T Corp.   All rights reserved.
Copyright (c) 1995-2001 Lucent Technologies Inc.  All rights reserved.
Copyright (c) 2001 Agere Systems   All rights reserved.
Copyright (c) 2002-2013 Lattice Semiconductor Corporation,  All rights reserved.

Report Information
------------------
Design:     lab3_schematic
Constraint file:  
Report level:    verbose report, limited to 3 items per constraint
--------------------------------------------------------------------------------


Timing Report Summary
--------------
--------------------------------------------------------------------------------
Constraint                              |   Constraint|       Actual|Levels
--------------------------------------------------------------------------------
                                        |             |             |
--------------------------------------------------------------------------------


All constraints were met.



Timing summary:
---------------

Timing errors: 0  Score: 0

Constraints cover  0 paths, 0 nets, and 0 connections (0.0% coverage)


Peak memory: 60481536 bytes, TRCE: 1462272 bytes, DLYMAN: 0 bytes
CPU_TIME_REPORT: 0 secs 
