-- all messages logged in file synthesis.log
INFO: Synthesis Options: (LSE-1022)
INFO: -a option is = MachXO2
INFO: -s option is = 4
INFO: -t option is = TQFP144
INFO: -d option is = LCMXO2-7000HE
INFO: Using package TQFP144
INFO: Using performance grade 4
INFO:                                                           
INFO: ##########################################################
INFO: ### Lattice Family : MachXO2A
INFO: ### Device  : LCMXO2-7000HE
INFO: ### Package : TQFP144
INFO: ### Speed   : 4
INFO: ##########################################################
INFO:                                                           
INFO: Optimization Goal = Balanced
INFO: -top option is not used
INFO: Target Frequency = 200.000000 MHz
INFO: Max Fanout = 1000
INFO: Timing Path count = 3
INFO: bram Utilization = 100.000000 %
INFO: dsp usage = TRUE (default)
INFO: dsp utilization = 100 (default)
INFO: fsm_encoding_style = auto
INFO: resolve_mixed_drivers = 0
INFO: fix_gated_clocks = 1
INFO: Mux style = Auto
INFO: Use Carry Chain = TRUE
INFO: carry_chain_length = 0
INFO: Use IO Insertion = TRUE
INFO: Use IO Reg = TRUE
INFO: Resource Sharing = TRUE
INFO: Propagate Constants = TRUE
INFO: Remove Duplicate Registers = TRUE
INFO: force_gsr = auto
INFO: ROM style = auto
INFO: RAM style = auto
INFO: -comp option is FALSE
INFO: -syn option is FALSE
INFO: -p Z:/Windows.Documents/Desktop/ECE272Lab4 (searchpath added)
INFO: -p C:/lscc/diamond/2.2_x64/ispfpga/xo2c00/data (searchpath added)
INFO: -p Z:/Windows.Documents/Desktop/ECE272Lab4/Section5 (searchpath added)
INFO: -p Z:/Windows.Documents/Desktop/ECE272Lab4 (searchpath added)
INFO: Verilog design file = Z:/Windows.Documents/Desktop/ECE272Lab4/DigitalAnalog.v
INFO: Ngd file = Section5_Section5.ngd
INFO: -sdc option: sdc file input not used
INFO: -lpf option: output file option is OFF
INFO: hardtimer checking is enabled (default); -dt option not used
INFO: -r option is OFF [ Remove LOC Properties is OFF ]
INFO: The default vhdl library search path is now "C:/lscc/diamond/2.2_x64/cae_library/vhdl_packages/vdbs" (VHDL-1504)
z:/windows.documents/desktop/ece272lab4/digitalanalog.v(18): ERROR: syntax error near ; (VERI-1137)
