10 1 1
10 1 1
10 1 1
13 2 480 176 480 208
13 7 480 176
13 8 480 176 0
13 0 480 112 480 208
13 5 480 112 A
13 8 480 176 1
13 8 480 112 1
13 2 624 176 624 208
13 7 624 176
13 8 624 176 0
13 0 624 112 624 128
13 0 624 128 624 208
13 5 624 112 B
13 8 624 176 1
13 8 624 112 1
13 2 768 176 768 208
13 7 768 176
13 8 768 176 0
13 0 768 112 768 208
13 5 768 112 C
13 8 768 176 1
13 8 768 112 1
13 2 928 176 928 208
13 7 928 176
13 8 928 176 0
13 0 928 112 928 208
13 5 928 112 D
13 8 928 176 1
13 8 928 112 1
17 0 inv 528 112 1
17 0 inv 416 144 1
17 0 inv 320 192 1
17 0 inv 352 256 1
17 0 inv 272 304 1
13 0 480 128 480 192
13 2 480 128 480 192
13 0 624 128 624 192
13 2 624 128 624 192
13 0 768 128 768 192
13 2 768 128 768 192
13 0 928 128 928 192
13 2 928 128 928 192
17 0 37
17 0 inv 448 112 1
13 2 480 208 544 208
13 0 480 208 480 192
13 2 480 192 480 208
13 2 480 208 480 224
13 0 480 224 480 192
13 0 480 224 544 224
13 0 544 224 544 208
13 2 544 208 544 224
13 0 480 208 480 192
13 2 480 192 480 208
13 2 480 208 480 224
17 0 37
17 0 inv 528 128 1
17 0 inv 448 112 1
17 0 37
17 0 inv 448 112 1
17 0 37
17 0 inv 528 128 1
17 0 inv 448 112 1
17 0 37
17 0 inv 448 112 1
17 0 37
17 0 inv 528 128 1
17 0 inv 448 112 1
17 0 37
17 0 inv 448 112 1
13 2 480 112 480 128
13 7 480 112
13 8 480 112 0
13 0 480 96 480 112
13 5 480 96 A
13 8 480 112 1
13 8 480 96 1
17 0 37
17 0 inv 528 128 1
17 0 inv 448 112 1
17 0 37
17 0 inv 448 112 1
17 0 37
17 0 inv 480 128 1
13 2 480 96 480 112
13 7 480 96
13 8 480 96 0
13 0 480 112 480 128
13 5 480 112 A
13 8 480 96 1
13 8 480 112 1
13 0 480 128 432 128
13 0 432 224 480 224
17 0 38
17 0 inv 624 128 1
17 0 39
17 0 inv 768 128 1
17 0 40
17 0 inv 944 128 1
13 0 624 128 576 128
13 0 576 224 624 224
13 0 768 128 720 128
13 0 720 224 768 224
13 0 928 128 896 128
13 0 896 224 928 224
13 2 624 192 624 208
13 2 768 192 768 208
13 0 768 192 768 208
13 2 768 192 768 208
13 2 928 192 928 208
