10 1 1
10 1 1
10 1 1
13 0 544 448 544 2176
13 0 688 448 688 2176
13 0 832 448 832 2176
13 0 992 448 992 2176
17 0 inv 592 352 1
17 0 inv 736 352 1
17 0 inv 880 336 1
17 0 inv 1040 352 1
17 0 3
17 0 inv 880 352 1
13 0 544 352 544 304
13 0 688 352 688 304
13 0 832 352 832 304
13 0 992 352 992 304
13 5 544 304 A
13 5 688 304 B
13 5 832 304 C
13 5 992 304 D
13 8 544 288 0
13 8 544 304 0
13 8 544 304 0
13 8 544 304 0
13 8 544 288 0
13 8 544 304 0
13 8 544 304 1
13 8 688 304 1
13 8 832 304 1
13 8 992 304 1
13 2 544 448 544 2176
13 0 544 2176 544 448
13 2 544 448 544 2176
13 0 544 2416 544 448
13 2 688 448 688 2176
13 0 688 2416 688 448
13 2 832 448 832 2176
13 0 848 2416 848 448
13 0 848 448 832 448
13 2 992 448 992 2176
13 0 1008 2416 1008 448
13 0 1008 448 992 448
13 2 992 448 1008 448
13 2 1008 448 1008 2416
13 0 992 448 992 2176
13 2 832 448 848 448
13 2 848 448 848 2416
13 0 832 448 832 2176
13 2 832 448 832 2176
13 0 832 2400 832 448
13 2 992 448 992 2176
13 0 992 2416 992 448
13 2 832 448 832 2400
13 0 832 2416 832 448
17 0 and4 1136 432 0
17 0 and4 1136 576 0
17 0 and4 1136 704 0
17 0 7
17 0 6
17 0 5
17 0 and4 1232 400 0
17 0 and4 1232 528 0
17 0 and4 1232 656 0
17 0 and4 1232 784 0
17 0 8
17 0 7
17 0 6
17 0 5
17 0 and4 1152 480 0
17 0 and4 1152 592 0
17 0 and4 1152 704 0
17 0 and4 1152 816 0
17 0 or4 1424 640 0
13 0 1296 576 1424 576
13 0 1424 576 1424 688
13 0 1296 688 1344 688
13 0 1344 688 1344 720
13 0 1344 720 1424 720
13 0 1296 800 1344 800
13 0 1344 800 1344 752
13 0 1344 752 1424 752
13 0 1296 912 1424 912
13 0 1424 912 1424 784
13 0 992 2384 992 448
13 2 992 448 992 2384
13 2 992 2384 992 2416
13 0 992 2416 992 448
13 2 992 448 992 2416
13 0 1008 2560 1008 448
13 0 1008 448 992 448
13 2 992 448 1008 448
13 2 1008 448 1008 2560
13 0 992 448 992 2416
13 2 992 448 992 2416
13 0 992 2576 992 448
13 2 832 448 832 2416
13 0 832 2576 832 448
13 2 688 448 688 2416
13 0 688 2576 688 448
13 2 544 448 544 2416
13 0 544 2576 544 448
17 0 inv 1024 576 0
17 0 inv 1040 624 0
17 0 inv 1024 704 0
17 0 inv 1040 736 0
17 0 inv 1040 800 0
13 2 1296 576 1424 576
13 2 1296 688 1344 688
13 2 1344 720 1424 720
13 2 1344 752 1424 752
13 2 1296 800 1344 800
13 2 1296 912 1424 912
13 2 1344 688 1344 720
13 2 1344 752 1344 800
13 2 1424 576 1424 688
13 2 1424 784 1424 912
17 0 9
17 0 8
17 0 7
17 0 6
17 0 5
17 0 or4 1552 592 0
17 0 and4 1280 768 0
17 0 and4 1280 656 0
17 0 and4 1280 544 0
17 0 and4 1280 432 0
13 0 1424 528 1552 528
13 0 1424 640 1472 640
13 0 1472 672 1552 672
13 0 1472 704 1552 704
13 0 1424 752 1472 752
13 0 1424 864 1552 864
13 0 1472 640 1472 672
13 0 1472 704 1472 752
13 0 1552 528 1552 640
13 0 1552 736 1552 864
13 2 1424 528 1552 528
13 2 1424 640 1472 640
13 2 1472 672 1552 672
13 2 1472 704 1552 704
13 2 1424 752 1472 752
13 2 1424 864 1552 864
13 2 1472 640 1472 672
13 2 1472 704 1472 752
13 2 1552 528 1552 640
13 2 1552 736 1552 864
17 0 5
17 0 6
17 0 7
17 0 8
17 0 9
17 0 or4 1536 608 0
17 0 and4 1264 784 0
17 0 and4 1264 672 0
17 0 and4 1264 560 0
17 0 and4 1264 448 0
13 0 1408 544 1536 544
13 0 1408 656 1456 656
13 0 1456 688 1536 688
13 0 1456 720 1536 720
13 0 1408 768 1456 768
13 0 1408 880 1536 880
13 0 1456 656 1456 688
13 0 1456 720 1456 768
13 0 1536 544 1536 656
13 0 1536 752 1536 880
13 2 1456 688 1536 688
13 2 1456 720 1536 720
13 2 1536 544 1536 656
13 2 1536 752 1536 880
17 0 9
17 0 or4 1536 608 0
13 0 1456 688 1536 688
13 0 1520 720 1536 720
13 0 1456 720 1520 720
13 0 1536 544 1536 656
13 0 1536 752 1536 880
17 0 10
17 0 inv 1056 480 0
17 0 11
17 0 inv 1040 560 0
17 0 11
17 0 12
17 0 13
17 0 14
17 0 10
13 2 544 304 544 352
13 2 544 448 544 2576
17 0 1
17 0 inv 592 352 1
13 0 544 304 544 352
13 0 544 448 544 2576
13 0 544 336 608 336
13 0 608 336 608 2576
13 0 688 336 752 336
13 0 752 336 752 2576
13 0 832 336 896 336
13 0 896 336 896 2576
13 0 992 336 1056 336
13 0 1056 336 1056 2576
13 0 1264 496 544 496
13 0 1264 528 688 528
13 0 1264 560 832 560
13 0 1264 592 1056 592
13 0 1264 608 544 608
13 0 1264 640 752 640
13 0 1264 672 832 672
13 0 1264 704 992 704
13 0 1264 720 608 720
13 0 1264 752 752 752
13 0 1264 784 832 784
13 0 832 784 832 800
13 0 1264 816 1056 816
13 0 1264 832 608 832
13 0 1264 864 688 864
13 0 1264 896 896 896
13 0 1264 928 1056 928
17 0 and3 1264 944 0
17 0 and4 1264 1040 0
17 0 and4 1264 1184 0
17 0 and4 1264 1312 0
17 0 or4 1568 1104 0
13 0 1408 1024 1568 1024
13 0 1568 1024 1568 1152
13 0 1408 1136 1552 1136
13 0 1552 1136 1552 1184
13 0 1552 1184 1568 1184
13 0 1424 1280 1488 1280
13 0 1488 1280 1488 1184
13 2 1488 1184 1488 1280
13 2 1424 1280 1488 1280
13 0 1408 1280 1408 1216
13 0 1408 1216 1568 1216
13 0 1408 1408 1568 1408
13 0 1568 1408 1568 1248
13 2 544 336 608 336
13 2 688 336 752 336
13 2 832 336 896 336
13 2 992 336 1056 336
13 2 544 496 1264 496
13 2 688 528 1264 528
13 2 1408 544 1536 544
13 2 832 560 1264 560
13 2 1056 592 1264 592
13 2 544 608 1264 608
13 2 752 640 1264 640
13 2 1408 656 1456 656
13 2 832 672 1264 672
13 2 1456 688 1536 688
13 2 992 704 1264 704
13 2 608 720 1264 720
13 2 1456 720 1536 720
13 2 752 752 1264 752
13 2 1408 768 1456 768
13 2 832 784 1264 784
13 2 1056 816 1264 816
13 2 608 832 1264 832
13 2 688 864 1264 864
13 2 1408 880 1536 880
13 2 896 896 1264 896
13 2 1056 928 1264 928
13 2 1408 1024 1568 1024
13 2 1408 1136 1552 1136
13 2 1552 1184 1568 1184
13 2 1408 1216 1568 1216
13 2 1408 1408 1568 1408
13 0 544 304 544 336
13 2 544 304 544 336
13 2 544 336 544 352
13 0 544 448 544 496
13 2 544 448 544 496
13 0 544 496 544 608
13 2 544 496 544 608
13 2 544 608 544 2576
13 0 608 336 608 720
13 2 608 336 608 720
13 0 608 720 608 832
13 2 608 720 608 832
13 2 608 832 608 2576
13 0 688 304 688 336
13 2 688 304 688 336
13 2 688 336 688 352
13 0 688 448 688 528
13 2 688 448 688 528
13 0 688 528 688 864
13 2 688 528 688 864
13 2 688 864 688 2576
13 0 752 336 752 640
13 2 752 336 752 640
13 0 752 640 752 752
13 2 752 640 752 752
13 2 752 752 752 2576
13 0 832 304 832 336
13 2 832 304 832 336
13 2 832 336 832 352
13 0 832 448 832 560
13 2 832 448 832 560
13 0 832 560 832 672
13 2 832 560 832 672
13 0 832 672 832 784
13 2 832 672 832 784
13 2 832 784 832 2576
13 0 896 336 896 896
13 2 896 336 896 896
13 2 896 896 896 2576
13 0 992 304 992 336
13 2 992 304 992 336
13 2 992 336 992 352
13 0 992 448 992 704
13 2 992 448 992 704
13 2 992 704 992 2576
13 0 1056 336 1056 592
13 2 1056 336 1056 592
13 0 1056 592 1056 816
13 2 1056 592 1056 816
13 0 1056 816 1056 928
13 2 1056 816 1056 928
13 2 1056 928 1056 2576
13 2 1408 1216 1408 1280
13 2 1456 656 1456 688
13 2 1456 720 1456 768
13 2 1536 544 1536 656
13 2 1536 752 1536 880
13 2 1552 1136 1552 1184
13 2 1568 1024 1568 1152
13 2 1568 1248 1568 1408
13 7 544 304
13 8 544 304 0
13 7 688 304
13 8 688 304 0
13 7 832 304
13 8 832 304 0
13 7 992 304
13 8 992 304 0
17 0 11
17 0 12
17 0 13
17 0 14
17 0 10
17 0 9
17 0 8
17 0 7
17 0 6
17 0 5
17 0 3
17 0 4
17 0 2
17 0 1
17 0 or4 1520 864 0
17 0 and4 1216 1072 0
17 0 and4 1216 944 0
17 0 and4 1216 800 0
17 0 and3 1216 704 0
17 0 or4 1488 368 0
17 0 and4 1216 544 0
17 0 and4 1216 432 0
17 0 and4 1216 320 0
17 0 and4 1216 208 0
17 0 inv 832 112 1
17 0 inv 992 112 1
17 0 inv 688 112 1
17 0 inv 544 112 1
13 0 496 96 560 96
13 0 640 96 704 96
13 0 784 96 848 96
13 0 944 96 1008 96
13 0 496 256 1216 256
13 0 640 288 1216 288
13 0 1360 304 1488 304
13 0 784 320 1216 320
13 0 1008 352 1216 352
13 0 496 368 1216 368
13 0 704 400 1216 400
13 0 1360 416 1408 416
13 0 784 432 1216 432
13 0 1408 448 1488 448
13 0 944 464 1216 464
13 0 560 480 1216 480
13 0 1408 480 1488 480
13 0 704 512 1216 512
13 0 1360 528 1408 528
13 0 784 544 1216 544
13 0 1008 576 1216 576
13 0 560 592 1216 592
13 0 640 624 1216 624
13 0 1360 640 1488 640
13 0 848 656 1216 656
13 0 1008 688 1216 688
13 0 1360 784 1520 784
13 0 1360 896 1504 896
13 0 1504 944 1520 944
13 0 1360 976 1520 976
13 0 1360 1168 1520 1168
13 0 496 64 496 96
13 0 496 96 496 112
13 0 496 208 496 256
13 0 496 256 496 368
13 0 496 368 496 2336
13 0 560 96 560 480
13 0 560 480 560 592
13 0 560 592 560 2336
13 0 640 64 640 96
13 0 640 96 640 112
13 0 640 208 640 288
13 0 640 288 640 624
13 0 640 624 640 2336
13 0 704 96 704 400
13 0 704 400 704 512
13 0 704 512 704 2336
13 0 784 64 784 96
13 0 784 96 784 112
13 0 784 208 784 320
13 0 784 320 784 432
13 0 784 432 784 544
13 0 784 544 784 2336
13 0 848 96 848 656
13 0 848 656 848 2336
13 0 944 64 944 96
13 0 944 96 944 112
13 0 944 208 944 464
13 0 944 464 944 2336
13 0 1008 96 1008 352
13 0 1008 352 1008 576
13 0 1008 576 1008 688
13 0 1008 688 1008 2336
13 0 1360 976 1360 1040
13 0 1408 416 1408 448
13 0 1408 480 1408 528
13 0 1488 304 1488 416
13 0 1488 512 1488 640
13 0 1504 896 1504 944
13 0 1520 784 1520 912
13 0 1520 1008 1520 1168
13 5 496 64 A
13 5 640 64 B
13 5 784 64 C
13 5 944 64 D
13 8 544 304 1
13 8 688 304 1
13 8 832 304 1
13 8 992 304 1
13 8 496 64 1
13 8 640 64 1
13 8 784 64 1
13 8 944 64 1
13 2 1520 1008 1520 1168
13 2 1520 784 1520 912
13 2 1504 896 1504 944
13 2 1488 512 1488 640
13 2 1488 304 1488 416
13 2 1408 480 1408 528
13 2 1408 416 1408 448
13 2 1360 976 1360 1040
13 2 1008 688 1008 2336
13 2 1008 576 1008 688
13 2 1008 352 1008 576
13 2 1008 96 1008 352
13 2 944 464 944 2336
13 2 944 208 944 464
13 2 944 96 944 112
13 2 944 64 944 96
13 2 848 656 848 2336
13 2 848 96 848 656
13 2 784 544 784 2336
13 2 784 432 784 544
13 2 784 320 784 432
13 2 784 208 784 320
13 2 784 96 784 112
13 2 784 64 784 96
13 2 704 512 704 2336
13 2 704 400 704 512
13 2 704 96 704 400
13 2 640 624 640 2336
13 2 640 288 640 624
13 2 640 208 640 288
13 2 640 96 640 112
13 2 640 64 640 96
13 2 560 592 560 2336
13 2 560 480 560 592
13 2 560 96 560 480
13 2 496 368 496 2336
13 2 496 256 496 368
13 2 496 208 496 256
13 2 496 96 496 112
13 2 496 64 496 96
13 2 1360 1168 1520 1168
13 2 1360 976 1520 976
13 2 1504 944 1520 944
13 2 1360 896 1504 896
13 2 1360 784 1520 784
13 2 1008 688 1216 688
13 2 848 656 1216 656
13 2 1360 640 1488 640
13 2 640 624 1216 624
13 2 560 592 1216 592
13 2 1008 576 1216 576
13 2 784 544 1216 544
13 2 1360 528 1408 528
13 2 704 512 1216 512
13 2 1408 480 1488 480
13 2 560 480 1216 480
13 2 944 464 1216 464
13 2 1408 448 1488 448
13 2 784 432 1216 432
13 2 1360 416 1408 416
13 2 704 400 1216 400
13 2 496 368 1216 368
13 2 1008 352 1216 352
13 2 784 320 1216 320
13 2 1360 304 1488 304
13 2 640 288 1216 288
13 2 496 256 1216 256
13 2 944 96 1008 96
13 2 784 96 848 96
13 2 640 96 704 96
13 2 496 96 560 96
13 7 944 64
13 8 944 64 0
13 7 784 64
13 8 784 64 0
13 7 640 64
13 8 640 64 0
13 7 496 64
13 8 496 64 0
17 0 1
17 0 2
17 0 4
17 0 3
17 0 5
17 0 6
17 0 7
17 0 8
17 0 9
17 0 10
17 0 14
17 0 13
17 0 12
17 0 11
17 0 or4 1568 1104 0
17 0 and4 1264 1312 0
17 0 and4 1264 1184 0
17 0 and4 1264 1040 0
17 0 and3 1264 944 0
17 0 or4 1536 608 0
17 0 and4 1264 784 0
17 0 and4 1264 672 0
17 0 and4 1264 560 0
17 0 and4 1264 448 0
17 0 inv 880 352 1
17 0 inv 1040 352 1
17 0 inv 736 352 1
17 0 inv 592 352 1
13 0 1568 1248 1568 1408
13 0 1568 1024 1568 1152
13 0 1552 1136 1552 1184
13 0 1536 752 1536 880
13 0 1536 544 1536 656
13 0 1456 720 1456 768
13 0 1456 656 1456 688
13 0 1408 1216 1408 1280
13 0 1056 928 1056 2576
13 0 1056 816 1056 928
13 0 1056 592 1056 816
13 0 1056 336 1056 592
13 0 992 704 992 2576
13 0 992 448 992 704
13 0 992 336 992 352
13 0 992 304 992 336
13 0 896 896 896 2576
13 0 896 336 896 896
13 0 832 784 832 2576
13 0 832 672 832 784
13 0 832 560 832 672
13 0 832 448 832 560
13 0 832 336 832 352
13 0 832 304 832 336
13 0 752 752 752 2576
13 0 752 640 752 752
13 0 752 336 752 640
13 0 688 864 688 2576
13 0 688 528 688 864
13 0 688 448 688 528
13 0 688 336 688 352
13 0 688 304 688 336
13 0 608 832 608 2576
13 0 608 720 608 832
13 0 608 336 608 720
13 0 544 608 544 2576
13 0 544 496 544 608
13 0 544 448 544 496
13 0 544 336 544 352
13 0 544 304 544 336
13 0 1408 1408 1568 1408
13 0 1408 1216 1568 1216
13 0 1552 1184 1568 1184
13 0 1408 1136 1552 1136
13 0 1408 1024 1568 1024
13 0 1056 928 1264 928
13 0 896 896 1264 896
13 0 1408 880 1536 880
13 0 688 864 1264 864
13 0 608 832 1264 832
13 0 1056 816 1264 816
13 0 832 784 1264 784
13 0 1408 768 1456 768
13 0 752 752 1264 752
13 0 1456 720 1536 720
13 0 608 720 1264 720
13 0 992 704 1264 704
13 0 1456 688 1536 688
13 0 832 672 1264 672
13 0 1408 656 1456 656
13 0 752 640 1264 640
13 0 544 608 1264 608
13 0 1056 592 1264 592
13 0 832 560 1264 560
13 0 1408 544 1536 544
13 0 688 528 1264 528
13 0 544 496 1264 496
13 0 992 336 1056 336
13 0 832 336 896 336
13 0 688 336 752 336
13 0 544 336 608 336
13 5 992 304 D
13 5 832 304 C
13 5 688 304 B
13 5 544 304 A
13 8 944 64 1
13 8 784 64 1
13 8 640 64 1
13 8 496 64 1
13 8 992 304 1
13 8 832 304 1
13 8 688 304 1
13 8 544 304 1
13 8 992 304 1
13 8 832 304 1
13 8 688 304 1
13 8 544 304 1
13 2 544 336 608 336
13 2 688 336 752 336
13 2 832 336 896 336
13 2 992 336 1056 336
13 2 544 496 1264 496
13 2 688 528 1264 528
13 2 1408 544 1536 544
13 2 832 560 1264 560
13 2 1056 592 1264 592
13 2 544 608 1264 608
13 2 752 640 1264 640
13 2 1408 656 1456 656
13 2 832 672 1264 672
13 2 1456 688 1536 688
13 2 992 704 1264 704
13 2 608 720 1264 720
13 2 1456 720 1536 720
13 2 752 752 1264 752
13 2 1408 768 1456 768
13 2 832 784 1264 784
13 2 1056 816 1264 816
13 2 608 832 1264 832
13 2 688 864 1264 864
13 2 1408 880 1536 880
13 2 896 896 1264 896
13 2 1056 928 1264 928
13 2 1408 1024 1568 1024
13 2 1408 1136 1552 1136
13 2 1552 1184 1568 1184
13 2 1408 1216 1568 1216
13 2 1408 1408 1568 1408
13 0 544 304 544 336
13 2 544 304 544 336
13 2 544 336 544 352
13 0 544 448 544 496
13 2 544 448 544 496
13 0 544 496 544 608
13 2 544 496 544 608
13 2 544 608 544 2576
13 0 608 336 608 720
13 2 608 336 608 720
13 0 608 720 608 832
13 2 608 720 608 832
13 2 608 832 608 2576
13 0 688 304 688 336
13 2 688 304 688 336
13 2 688 336 688 352
13 0 688 448 688 528
13 2 688 448 688 528
13 0 688 528 688 864
13 2 688 528 688 864
13 2 688 864 688 2576
13 0 752 336 752 640
13 2 752 336 752 640
13 0 752 640 752 752
13 2 752 640 752 752
13 2 752 752 752 2576
13 0 832 304 832 336
13 2 832 304 832 336
13 2 832 336 832 352
13 0 832 448 832 560
13 2 832 448 832 560
13 0 832 560 832 672
13 2 832 560 832 672
13 0 832 672 832 784
13 2 832 672 832 784
13 2 832 784 832 2576
13 0 896 336 896 896
13 2 896 336 896 896
13 2 896 896 896 2576
13 0 992 304 992 336
13 2 992 304 992 336
13 2 992 336 992 352
13 0 992 448 992 704
13 2 992 448 992 704
13 2 992 704 992 2576
13 0 1056 336 1056 592
13 2 1056 336 1056 592
13 0 1056 592 1056 816
13 2 1056 592 1056 816
13 0 1056 816 1056 928
13 2 1056 816 1056 928
13 2 1056 928 1056 2576
13 2 1408 1216 1408 1280
13 2 1456 656 1456 688
13 2 1456 720 1456 768
13 2 1536 544 1536 656
13 2 1536 752 1536 880
13 2 1552 1136 1552 1184
13 2 1568 1024 1568 1152
13 2 1568 1248 1568 1408
13 7 544 304
13 8 544 304 0
13 7 688 304
13 8 688 304 0
13 7 832 304
13 8 832 304 0
13 7 992 304
13 8 992 304 0
17 0 11
17 0 12
17 0 13
17 0 14
17 0 10
17 0 9
17 0 8
17 0 7
17 0 6
17 0 5
17 0 3
17 0 4
17 0 2
17 0 1
17 0 or4 1504 976 0
17 0 and4 1200 1184 0
17 0 and4 1200 1056 0
17 0 and4 1200 912 0
17 0 and3 1200 816 0
17 0 or4 1472 480 0
17 0 and4 1200 656 0
17 0 and4 1200 544 0
17 0 and4 1200 432 0
17 0 and4 1200 320 0
17 0 inv 816 224 1
17 0 inv 976 224 1
17 0 inv 672 224 1
17 0 inv 528 224 1
13 0 480 208 544 208
13 0 624 208 688 208
13 0 768 208 832 208
13 0 928 208 992 208
13 0 480 368 1200 368
13 0 624 400 1200 400
13 0 1344 416 1472 416
13 0 768 432 1200 432
13 0 992 464 1200 464
13 0 480 480 1200 480
13 0 688 512 1200 512
13 0 1344 528 1392 528
13 0 768 544 1200 544
13 0 1392 560 1472 560
13 0 928 576 1200 576
13 0 544 592 1200 592
13 0 1392 592 1472 592
13 0 688 624 1200 624
13 0 1344 640 1392 640
13 0 768 656 1200 656
13 0 992 688 1200 688
13 0 544 704 1200 704
13 0 624 736 1200 736
13 0 1344 752 1472 752
13 0 832 768 1200 768
13 0 992 800 1200 800
13 0 1344 896 1504 896
13 0 1344 1008 1488 1008
13 0 1488 1056 1504 1056
13 0 1344 1088 1504 1088
13 0 1344 1280 1504 1280
13 0 480 176 480 208
13 0 480 208 480 224
13 0 480 320 480 368
13 0 480 368 480 480
13 0 480 480 480 2448
13 0 544 208 544 592
13 0 544 592 544 704
13 0 544 704 544 2448
13 0 624 176 624 208
13 0 624 208 624 224
13 0 624 320 624 400
13 0 624 400 624 736
13 0 624 736 624 2448
13 0 688 208 688 512
13 0 688 512 688 624
13 0 688 624 688 2448
13 0 768 176 768 208
13 0 768 208 768 224
13 0 768 320 768 432
13 0 768 432 768 544
13 0 768 544 768 656
13 0 768 656 768 2448
13 0 832 208 832 768
13 0 832 768 832 2448
13 0 928 176 928 208
13 0 928 208 928 224
13 0 928 320 928 576
13 0 928 576 928 2448
13 0 992 208 992 464
13 0 992 464 992 688
13 0 992 688 992 800
13 0 992 800 992 2448
13 0 1344 1088 1344 1152
13 0 1392 528 1392 560
13 0 1392 592 1392 640
13 0 1472 416 1472 528
13 0 1472 624 1472 752
13 0 1488 1008 1488 1056
13 0 1504 896 1504 1024
13 0 1504 1120 1504 1280
13 5 480 176 A
13 5 624 176 B
13 5 768 176 C
13 5 928 176 D
13 8 544 304 1
13 8 688 304 1
13 8 832 304 1
13 8 992 304 1
13 8 480 176 1
13 8 624 176 1
13 8 768 176 1
13 8 928 176 1
13 2 1344 896 1504 896
13 2 1344 1008 1488 1008
13 2 1488 1056 1504 1056
13 2 1344 1088 1504 1088
13 2 1344 1280 1504 1280
13 2 1344 1088 1344 1152
13 2 1488 1008 1488 1056
13 2 1504 896 1504 1024
13 2 1504 1120 1504 1280
17 0 1
17 0 2
17 0 4
17 0 3
17 0 5
17 0 or4 2016 896 0
17 0 and4 1712 1104 0
17 0 and4 1712 976 0
17 0 and4 1712 832 0
17 0 and3 1712 736 0
13 0 1856 816 2016 816
13 0 1856 928 2000 928
13 0 2000 976 2016 976
13 0 1856 1008 2016 1008
13 0 1856 1200 2016 1200
13 0 1856 1008 1856 1072
13 0 2000 928 2000 976
13 0 2016 816 2016 944
13 0 2016 1040 2016 1200
10 1 101
17 0 5
17 0 3
17 0 4
17 0 2
17 0 1
17 0 6
17 0 7
17 0 8
17 0 9
17 0 10
17 0 13
17 0 14
17 0 12
17 0 11
13 2 480 208 544 208
13 2 624 208 688 208
13 2 768 208 832 208
13 2 928 208 992 208
13 2 480 368 1200 368
13 2 624 400 1200 400
13 2 1344 416 1472 416
13 2 768 432 1200 432
13 2 992 464 1200 464
13 2 480 480 1200 480
13 2 688 512 1200 512
13 2 1344 528 1392 528
13 2 768 544 1200 544
13 2 1392 560 1472 560
13 2 928 576 1200 576
13 2 544 592 1200 592
13 2 1392 592 1472 592
13 2 688 624 1200 624
13 2 1344 640 1392 640
13 2 768 656 1200 656
13 2 992 688 1200 688
13 2 544 704 1200 704
13 2 624 736 1200 736
13 2 1344 752 1472 752
13 2 832 768 1200 768
13 2 992 800 1200 800
13 2 1856 816 2016 816
13 2 1856 928 2000 928
13 2 2000 976 2016 976
13 2 1856 1008 2016 1008
13 2 1856 1200 2016 1200
13 0 480 176 480 208
13 2 480 176 480 208
13 2 480 208 480 224
13 0 480 320 480 368
13 2 480 320 480 368
13 0 480 368 480 480
13 2 480 368 480 480
13 2 480 480 480 2448
13 0 544 208 544 592
13 2 544 208 544 592
13 0 544 592 544 704
13 2 544 592 544 704
13 2 544 704 544 2448
13 0 624 176 624 208
13 2 624 176 624 208
13 2 624 208 624 224
13 0 624 320 624 400
13 2 624 320 624 400
13 0 624 400 624 736
13 2 624 400 624 736
13 2 624 736 624 2448
13 0 688 208 688 512
13 2 688 208 688 512
13 0 688 512 688 624
13 2 688 512 688 624
13 2 688 624 688 2448
13 0 768 176 768 208
13 2 768 176 768 208
13 2 768 208 768 224
13 0 768 320 768 432
13 2 768 320 768 432
13 0 768 432 768 544
13 2 768 432 768 544
13 0 768 544 768 656
13 2 768 544 768 656
13 2 768 656 768 2448
13 0 832 208 832 768
13 2 832 208 832 768
13 2 832 768 832 2448
13 0 928 176 928 208
13 2 928 176 928 208
13 2 928 208 928 224
13 0 928 320 928 576
13 2 928 320 928 576
13 2 928 576 928 2448
13 0 992 208 992 464
13 2 992 208 992 464
13 0 992 464 992 688
13 2 992 464 992 688
13 0 992 688 992 800
13 2 992 688 992 800
13 2 992 800 992 2448
13 2 1392 528 1392 560
13 2 1392 592 1392 640
13 2 1472 416 1472 528
13 2 1472 624 1472 752
13 2 1856 1008 1856 1072
13 2 2000 928 2000 976
13 2 2016 816 2016 944
13 2 2016 1040 2016 1200
13 7 480 176
13 8 480 176 0
13 7 624 176
13 8 624 176 0
13 7 768 176
13 8 768 176 0
13 7 928 176
13 8 928 176 0
13 8 480 176 1
13 8 624 176 1
13 8 768 176 1
13 8 928 176 1
10 1 1
10 1 1
10 3 1
13 0 2016 1040 2016 1200
13 0 2016 816 2016 944
13 0 2000 928 2000 976
13 0 1856 1008 1856 1072
13 0 1472 624 1472 752
13 0 1472 416 1472 528
13 0 1392 592 1392 640
13 0 1392 528 1392 560
13 0 992 800 992 2448
13 0 992 688 992 800
13 0 992 464 992 688
13 0 992 208 992 464
13 0 928 576 928 2448
13 0 928 320 928 576
13 0 928 208 928 224
13 0 928 176 928 208
13 0 832 768 832 2448
13 0 832 208 832 768
13 0 768 656 768 2448
13 0 768 544 768 656
13 0 768 432 768 544
13 0 768 320 768 432
13 0 768 208 768 224
13 0 768 176 768 208
13 0 688 624 688 2448
13 0 688 512 688 624
13 0 688 208 688 512
13 0 624 736 624 2448
13 0 624 400 624 736
13 0 624 320 624 400
13 0 624 208 624 224
13 0 624 176 624 208
13 0 544 704 544 2448
13 0 544 592 544 704
13 0 544 208 544 592
13 0 480 480 480 2448
13 0 480 368 480 480
13 0 480 320 480 368
13 0 480 208 480 224
13 0 480 176 480 208
13 0 1856 1200 2016 1200
13 0 1856 1008 2016 1008
13 0 2000 976 2016 976
13 0 1856 928 2000 928
13 0 1856 816 2016 816
13 0 992 800 1200 800
13 0 832 768 1200 768
13 0 1344 752 1472 752
13 0 624 736 1200 736
13 0 544 704 1200 704
13 0 992 688 1200 688
13 0 768 656 1200 656
13 0 1344 640 1392 640
13 0 688 624 1200 624
13 0 1392 592 1472 592
13 0 544 592 1200 592
13 0 928 576 1200 576
13 0 1392 560 1472 560
13 0 768 544 1200 544
13 0 1344 528 1392 528
13 0 688 512 1200 512
13 0 480 480 1200 480
13 0 992 464 1200 464
13 0 768 432 1200 432
13 0 1344 416 1472 416
13 0 624 400 1200 400
13 0 480 368 1200 368
13 0 928 208 992 208
13 0 768 208 832 208
13 0 624 208 688 208
13 0 480 208 544 208
13 5 928 176 D
13 5 768 176 C
13 5 624 176 B
13 5 480 176 A
13 8 928 176 1
13 8 768 176 1
13 8 624 176 1
13 8 480 176 1
17 0 or4 2016 896 0
17 0 and4 1712 1104 0
17 0 and4 1712 976 0
17 0 and4 1712 832 0
17 0 and3 1712 736 0
17 0 or4 1472 480 0
17 0 and4 1200 656 0
17 0 and4 1200 544 0
17 0 and4 1200 432 0
17 0 and4 1200 320 0
17 0 inv 976 224 1
17 0 inv 816 224 1
17 0 inv 672 224 1
17 0 inv 528 224 1
10 1 1
10 1 1
13 2 1856 816 2016 816
13 2 1856 928 2000 928
13 2 2000 976 2016 976
13 2 1856 1008 2016 1008
13 2 1856 1200 2016 1200
13 2 1856 1008 1856 1072
13 2 2000 928 2000 976
13 2 2016 816 2016 944
13 2 2016 1040 2016 1200
17 0 10
17 0 13
17 0 14
17 0 12
17 0 11
17 0 and3 1216 832 0
17 0 and4 1216 928 0
17 0 and4 1216 1072 0
17 0 and4 1216 1200 0
17 0 or4 1520 992 0
13 0 1360 912 1520 912
13 0 1360 1024 1504 1024
13 0 1504 1072 1520 1072
13 0 1360 1104 1520 1104
13 0 1360 1296 1520 1296
13 0 1360 1104 1360 1168
13 0 1504 1024 1504 1072
13 0 1520 912 1520 1040
13 0 1520 1136 1520 1296
13 0 1216 880 544 880
13 0 1216 912 832 912
13 0 1216 944 992 944
13 0 1216 976 480 976
13 0 1216 1008 688 1008
13 0 1216 1040 768 1040
13 0 768 1040 768 1056
13 0 1216 1072 992 1072
13 0 1216 1120 480 1120
13 0 480 1120 480 1104
13 0 1216 1152 688 1152
13 0 688 1152 688 1168
13 0 1216 1184 832 1184
13 0 1216 1216 928 1216
13 0 1216 1248 544 1248
13 0 1216 1280 688 1280
13 0 1216 1312 768 1312
13 0 768 1312 768 1328
13 0 1216 1344 928 1344
17 0 and3 1232 1376 0
17 0 and3 1232 1488 0
17 0 and4 1232 1584 0
17 0 and4 464 816 0
17 0 18
17 0 or3 1520 1504 0
17 0 18
17 0 or3 1520 1488 0
13 0 1376 1456 1520 1456
13 0 1520 1456 1520 1536
13 0 1376 1568 1520 1568
13 0 1376 1680 1520 1680
13 0 1520 1680 1520 1600
13 0 1232 1424 544 1424
13 0 1232 1456 688 1456
13 0 688 1456 688 1472
13 0 1232 1488 832 1488
13 0 1232 1536 544 1536
13 0 1232 1584 688 1584
13 0 1232 1600 928 1600
13 0 928 1600 928 1616
13 0 1232 1632 480 1632
13 0 1232 1664 624 1664
13 0 1232 1696 832 1696
13 0 1232 1728 928 1728
17 0 and3 1248 1776 0
17 0 and4 1248 1904 0
17 0 and4 1248 2048 0
17 0 and4 1248 2176 0
13 0 1248 1824 688 1824
13 0 1248 1856 832 1856
13 0 1248 1888 992 1888
13 0 1248 1952 480 1952
13 0 1248 1984 624 1984
13 0 1248 2016 768 2016
13 0 1248 2048 992 2048
13 0 1264 2096 480 2096
13 0 480 2096 1248 2096
13 0 1248 2096 1264 2096
13 0 1248 2128 688 2128
13 0 1248 2160 768 2160
13 0 1264 2192 928 2192
13 0 928 2192 1248 2192
13 0 1248 2192 1264 2192
13 0 1248 2224 544 2224
13 0 1248 2256 624 2256
13 0 1248 2288 832 2288
13 0 1248 2320 928 2320
17 0 or4 1536 1968 0
13 0 1392 1856 1552 1856
13 0 1504 1856 1552 1856
13 2 1504 1856 1552 1856
13 2 1392 1856 1504 1856
13 0 1536 2016 1536 1856
13 0 1536 1856 1392 1856
13 0 1536 2048 1392 2048
13 0 1392 2048 1392 2000
13 0 1536 2080 1392 2080
13 0 1392 2080 1392 2144
13 0 1536 2112 1536 2272
13 0 1536 2272 1392 2272
13 0 480 2448 480 3952
13 0 544 2448 544 3952
13 0 624 2448 624 3952
13 0 688 2448 688 3968
13 0 768 2448 768 3952
13 0 832 2448 832 3952
13 0 928 2448 928 3952
13 0 992 2448 992 3952
17 0 and2 1248 2384 0
17 0 and3 1248 2496 0
17 0 and3 1248 2624 0
17 0 25
17 0 and3 1264 2496 0
17 0 25
17 0 and3 1248 2496 0
13 0 1248 2432 480 2432
13 0 1248 2464 992 2464
13 0 1248 2544 624 2544
13 0 1248 2576 768 2576
13 0 1248 2608 992 2608
13 0 1248 2672 480 2672
13 0 1248 2704 688 2704
13 0 1248 2736 832 2736
13 0 832 2736 768 2736
13 0 816 2736 832 2736
13 2 816 2736 832 2736
13 2 768 2736 816 2736
13 0 896 2736 1248 2736
13 2 896 2736 1248 2736
13 2 832 2736 896 2736
13 0 1248 2736 768 2736
13 0 768 2736 768 2752
17 0 or2 1552 2512 0
17 0 27
17 0 or3 1552 2496 0
13 0 1392 2448 1552 2448
13 0 1552 2448 1552 2544
13 0 1552 2576 1392 2576
13 0 1392 2704 1552 2704
13 0 1552 2704 1552 2608
17 0 and3 1264 2784 0
17 0 and3 1264 2912 0
17 0 and3 1264 3040 0
17 0 and4 1264 3168 0
13 0 1264 2832 480 2832
13 0 1264 2864 832 2864
13 0 1264 2896 992 2896
13 0 1264 2960 480 2960
13 0 480 2960 480 2976
13 0 1264 2992 624 2992
13 0 1264 3024 992 3024
13 0 1264 3088 480 3088
13 0 1264 3120 624 3120
13 0 1264 3152 832 3152
13 0 1264 3216 480 3216
13 0 1264 3248 1216 3248
13 2 1216 3248 1264 3248
13 2 480 3216 1264 3216
13 0 1264 3216 544 3216
13 0 1264 3248 688 3248
13 0 1264 3280 768 3280
13 0 1264 3312 992 3312
17 0 or4 1584 2960 0
13 0 1408 2864 1584 2864
13 0 1584 2864 1584 3008
13 0 1584 3040 1408 3040
13 0 1408 3040 1408 2992
13 0 1584 3072 1408 3072
13 0 1408 3072 1408 3120
13 0 1408 3264 1584 3264
13 0 1584 3264 1584 3104
17 0 and3 1280 3360 0
17 0 and4 1280 3472 0
17 0 and4 1280 3616 0
13 0 1280 3408 480 3408
13 0 1280 3440 624 3440
13 0 624 3440 624 3456
13 0 1280 3472 768 3472
13 0 1280 3520 480 3520
13 0 1280 3552 688 3552
13 0 1280 3584 832 3584
13 0 1280 3616 992 3616
13 0 1280 3664 544 3664
13 0 1280 3696 624 3696
13 0 624 3696 624 3712
13 0 1280 3728 768 3728
13 0 768 3728 768 3744
13 0 1280 3760 928 3760
17 0 or3 1600 3472 0
17 0 36
17 0 or3 1600 3488 0
13 0 1424 3440 1600 3440
13 0 1600 3440 1600 3536
13 0 1424 3568 1600 3568
13 0 1424 3712 1600 3712
13 0 1600 3712 1600 3600
13 0 1616 576 1680 576
13 0 1664 1088 1712 1088
13 0 1664 1568 1728 1568
13 0 1680 2064 1744 2064
13 0 1696 2576 1760 2576
13 0 1728 3056 1808 3056
13 0 1744 3568 1808 3568
13 5 1680 576 seg_a
13 5 1712 1088 seg_b
13 5 1728 1568 seg_c
13 5 1744 2064 seg_d
13 5 1760 2576 seg_e
13 5 1808 3056 seg_f
13 5 1808 3568 seg_g
13 0 480 3696 480 3520
13 2 480 3520 480 3696
13 2 480 3696 480 3952
13 0 544 3712 544 3664
13 2 544 3664 544 3712
13 2 544 3712 544 3952
13 0 624 3760 624 3696
13 2 624 3696 624 3760
13 2 624 3760 624 3952
13 0 688 3776 688 3552
13 2 688 3552 688 3776
13 2 688 3776 688 3968
13 0 768 3776 768 3728
13 2 768 3728 768 3776
13 2 768 3776 768 3952
13 0 832 3760 832 3584
13 2 832 3584 832 3760
13 2 832 3760 832 3952
13 0 928 3792 928 3760
13 2 928 3760 928 3792
13 2 928 3792 928 3952
13 0 992 3776 992 3616
13 2 992 3616 992 3776
13 2 992 3776 992 3952
13 8 1680 576 2
13 8 1712 1088 2
13 8 1728 1568 2
13 8 1744 2064 2
13 8 1760 2576 2
13 8 1808 3056 2
13 8 1808 3568 2
