10 1 1
10 1 1
10 1 1
17 0 and2 704 560 0
17 0 and3 704 688 0
17 0 or2 928 624 0
13 0 848 624 928 624
13 0 928 624 928 672
13 0 928 704 928 768
13 0 928 768 848 768
13 2 848 624 928 624
17 0 1
17 0 and2 704 560 0
13 0 848 624 928 624
13 0 1072 688 1136 688
17 0 inv 576 560 0
17 0 inv 576 592 0
17 0 4
17 0 inv 576 512 0
17 0 5
17 0 inv 576 624 0
13 0 672 560 672 608
13 0 672 672 704 672
13 2 672 672 704 672
13 0 672 608 704 608
13 0 672 672 672 640
13 0 672 640 704 640
13 5 576 560 A
13 2 672 640 704 640
13 0 672 640 704 640
13 5 560 560 A
13 7 560 560
13 2 672 560 672 608
17 0 4
17 0 inv 672 528 0
13 0 768 576 768 608
13 0 768 608 672 608
13 2 704 608 768 608
13 2 768 576 768 608
17 0 4
17 0 inv 576 512 0
13 0 672 560 672 608
13 0 528 560 576 560
13 0 528 672 576 672
17 0 5
17 0 4
13 0 560 560 576 560
13 2 560 560 576 560
13 2 528 560 560 560
13 0 560 672 576 672
13 2 560 672 576 672
13 2 528 672 560 672
13 2 672 640 704 640
13 2 672 640 672 672
13 0 672 592 672 560
13 2 672 560 672 592
13 2 672 592 672 608
13 0 688 608 704 608
13 2 688 608 704 608
13 2 672 608 688 608
13 0 448 432 448 800
13 0 496 432 496 800
13 0 560 432 560 800
13 0 496 544 496 432
13 2 496 432 496 544
13 2 496 544 496 800
13 0 496 544 496 800
13 0 496 544 496 432
13 2 448 432 448 800
13 0 448 800 448 432
17 0 inv 608 560 0
17 0 inv 608 560 0
17 0 inv 592 560 0
17 0 4
17 0 inv 592 528 0
17 0 4
17 0 inv 592 512 0
17 0 inv 592 624 0
13 0 688 560 704 560
13 0 704 560 704 608
13 0 688 672 704 672
13 0 704 672 704 640
13 0 592 560 448 560
13 0 592 672 496 672
13 0 560 800 704 800
13 2 496 672 496 800
13 0 496 768 496 672
13 0 496 768 704 768
13 2 448 560 448 800
13 0 448 736 448 560
13 0 448 736 704 736
13 5 448 432 A
13 5 496 432 B
13 5 560 432 C
13 8 560 416 1
13 8 560 416 1
13 8 560 432 1
13 7 560 432
13 8 560 432 0
13 8 560 432 0
13 8 560 432 1
13 5 560 432 C
13 7 560 432
13 8 560 432 0
13 5 560 432 C
13 7 448 432
13 8 448 432 0
13 5 448 432 A
13 8 448 416 1
13 8 448 432 1
13 8 496 432 1
13 8 560 432 1
13 8 560 432 1
13 8 496 432 1
13 8 448 432 1
13 8 448 416 1
13 7 448 432
13 8 448 432 0
13 5 448 432 A
13 8 448 432 0
13 7 560 432
13 8 560 432 0
13 8 560 432 1
13 5 560 432 C
13 8 560 432 1
13 8 560 432 1
13 8 560 416 1
13 8 560 416 1
13 7 560 432
13 8 560 432 0
13 7 496 432
13 8 496 432 0
13 7 448 432
13 8 448 432 0
13 5 448 432 A
13 8 448 416 1
13 8 448 432 1
13 8 448 432 1
13 7 448 432
13 8 448 432 0
13 8 448 432 0
13 5 448 432 A
13 7 448 432
13 5 448 432 A
13 8 448 416 1
13 8 448 432 1
13 8 448 432 1
13 8 448 416 1
13 7 448 432
13 8 448 432 0
13 8 448 432 0
13 5 448 448 A
13 7 448 448
13 5 448 432 A
13 8 448 416 1
13 8 448 432 1
13 8 336 400 1
13 5 496 432 B
13 8 496 416 1
13 8 496 432 1
13 5 560 432 C
13 8 560 416 1
13 8 560 432 1
13 5 1136 688 Z
13 8 1152 688 2
13 8 1136 688 2
17 0 and2 720 1248 0
17 0 and2 720 1408 0
17 0 or2 896 1328 0
13 0 864 1312 896 1312
13 0 896 1312 896 1376
13 0 864 1472 896 1472
13 0 896 1472 896 1408
13 0 1040 1392 1088 1392
17 0 8
17 0 7
17 0 6
13 2 864 1312 896 1312
13 2 1040 1392 1088 1392
13 2 864 1472 896 1472
13 2 896 1312 896 1376
13 2 896 1408 896 1472
13 0 448 736 448 1552
13 0 496 768 512 768
13 2 496 768 512 768
13 0 448 752 448 1552
13 2 448 752 448 1552
13 0 496 752 496 768
13 2 496 752 496 768
13 0 496 752 496 768
13 0 448 752 448 1552
13 0 496 768 512 768
13 0 448 752 448 736
13 2 448 736 448 752
13 2 448 752 448 1552
13 0 688 736 704 736
13 2 688 736 704 736
13 2 448 736 688 736
13 0 576 736 448 736
13 0 576 736 704 736
13 0 688 736 704 736
13 2 688 736 704 736
13 2 448 736 688 736
13 0 448 736 704 736
13 2 448 736 704 736
13 0 624 768 704 768
13 2 624 768 704 768
13 2 496 768 624 768
13 0 624 800 704 800
13 2 624 800 704 800
13 2 560 800 624 800
13 2 448 560 448 736
13 0 432 1552 432 560
13 0 432 560 448 560
13 2 496 672 496 768
13 0 496 1552 496 672
13 2 560 432 560 800
13 0 560 1552 560 432
13 0 432 592 432 560
13 2 432 560 432 592
13 2 432 592 432 1552
13 0 448 592 448 1552
13 0 448 1552 432 1552
13 0 448 592 448 560
13 0 448 560 432 560
13 0 448 592 448 560
13 2 448 560 448 592
13 2 432 1552 448 1552
13 2 448 592 448 1552
13 0 432 592 432 1552
13 0 432 560 432 592
13 2 560 432 560 1552
13 0 560 432 560 800
13 0 432 576 432 560
13 2 432 560 432 576
13 2 432 576 432 1552
13 2 432 560 448 560
13 0 432 560 448 560
13 2 448 560 592 560
13 2 432 560 448 560
13 2 448 432 448 560
13 0 448 432 448 560
13 0 432 560 448 560
13 0 448 560 592 560
13 2 432 560 448 560
13 0 448 528 448 560
13 2 448 528 448 560
13 2 448 432 448 528
13 0 448 560 448 432
13 2 448 560 592 560
13 2 448 432 448 560
13 0 448 560 448 432
13 0 448 560 592 560
13 2 448 560 592 560
13 0 576 672 592 672
13 2 576 672 592 672
13 2 496 672 576 672
13 0 448 544 448 432
13 2 448 432 448 544
13 2 448 544 448 560
13 0 448 544 448 560
13 0 448 544 448 432
13 2 448 432 448 560
13 0 448 1856 448 432
13 2 560 432 560 800
13 0 560 1856 560 432
13 2 496 432 496 1552
13 0 496 1856 496 432
13 2 448 432 448 1856
13 0 448 2304 448 432
13 2 496 432 496 1856
13 0 512 2320 512 432
13 0 512 432 496 432
13 2 560 432 560 1856
13 0 560 2320 560 432
13 2 560 432 560 2320
13 0 560 432 560 1856
13 2 496 432 512 432
13 2 512 432 512 2320
13 0 496 432 496 1856
13 2 496 432 496 1856
13 0 512 2288 512 432
13 0 512 432 496 432
13 2 496 432 512 432
13 2 512 432 512 2288
13 0 496 432 496 1856
13 2 496 432 496 1856
13 0 496 2272 496 432
13 2 560 432 560 1856
13 0 560 2272 560 432
13 0 592 560 448 560
13 0 592 672 496 672
13 0 704 736 448 736
13 0 448 736 448 720
13 0 704 768 496 768
13 0 704 800 560 800
17 0 and2 704 912 0
17 0 and2 704 1056 0
17 0 inv 592 880 0
17 0 inv 592 992 0
17 0 inv 592 1136 0
13 0 688 928 704 928
13 0 704 928 704 960
13 0 688 1040 704 1040
13 0 704 1040 704 992
13 0 688 1184 704 1184
13 0 704 1184 704 1136
13 0 592 928 496 928
13 0 592 1040 560 1040
13 0 704 1104 496 1104
13 0 592 1184 560 1184
17 0 or2 928 976 0
13 0 848 976 928 976
13 0 928 976 928 1024
13 0 848 1120 928 1120
13 0 928 1120 928 1056
13 0 1072 1040 1136 1040
13 7 1136 688
13 8 1136 688 0
13 8 1136 688 0
13 5 1136 688 Le
13 8 1152 688 2
13 8 1136 688 2
13 5 1136 1040 Ld
13 8 1136 1040 2
17 0 and2 704 1264 0
17 0 and3 704 1456 0
17 0 inv 592 1232 0
17 0 inv 592 1344 0
13 0 688 1280 704 1280
13 0 704 1280 704 1312
13 0 688 1392 704 1392
13 0 704 1392 704 1344
13 0 848 1328 944 1328
13 0 592 1280 496 1280
13 0 592 1392 560 1392
13 0 704 1504 448 1504
13 0 704 1536 448 1536
13 0 704 1568 448 1568
13 0 912 1328 944 1328
13 2 912 1328 944 1328
13 2 848 1328 912 1328
17 0 or2 928 1376 0
13 0 848 1328 848 1424
13 0 848 1536 848 1456
13 0 848 1456 928 1456
13 0 848 1360 848 1328
13 2 848 1328 848 1360
13 2 848 1360 848 1424
13 0 848 1328 848 1424
13 2 848 1328 848 1424
13 0 848 1328 848 1424
13 0 848 1424 928 1424
13 0 1072 1440 1136 1440
13 5 1136 1440 Re
13 8 1136 1440 2
17 0 or2 928 1680 0
17 0 inv 736 1680 0
13 0 592 1568 704 1568
13 2 592 1568 704 1568
13 2 448 1568 592 1568
13 2 560 1392 560 2272
13 0 560 1568 560 1392
13 2 560 1392 560 1568
13 0 560 1568 560 1392
13 0 560 1568 704 1568
13 2 448 1536 448 2304
13 0 448 1728 448 1536
13 2 448 1536 448 1728
13 0 448 1728 448 1536
13 0 448 1728 736 1728
13 0 832 1728 928 1728
13 2 496 1280 496 2272
13 0 512 1776 512 1280
13 0 512 1280 496 1280
17 0 18
17 0 inv 736 1600 0
13 0 848 1728 928 1728
13 2 848 1728 928 1728
13 2 832 1728 848 1728
13 2 448 1728 736 1728
13 0 736 1648 448 1648
13 0 448 1648 448 1728
13 0 448 1696 448 1648
13 2 448 1648 448 1696
13 2 448 1696 448 1728
13 2 512 1280 512 1776
13 0 528 1776 528 1280
13 0 528 1280 512 1280
13 2 528 1280 528 1776
13 0 512 1280 512 1776
13 0 448 1696 448 1728
13 0 448 1648 448 1696
13 2 448 1648 736 1648
13 0 448 1728 736 1728
13 0 512 1360 512 1280
13 2 512 1280 512 1360
13 2 512 1360 512 1776
13 0 496 1360 496 1776
13 0 496 1776 512 1776
13 0 496 1360 496 1280
13 0 496 1280 512 1280
13 0 704 1728 736 1728
13 2 704 1728 736 1728
13 2 448 1728 704 1728
13 0 464 1648 448 1648
13 0 448 1648 448 1728
13 0 464 1648 736 1648
13 0 736 1648 736 1728
13 0 736 1696 736 1648
13 2 736 1648 736 1696
13 2 736 1696 736 1728
13 0 448 1696 448 1648
13 2 448 1648 448 1696
13 2 448 1696 448 1728
13 2 496 1776 512 1776
13 0 928 1760 496 1760
13 0 496 1760 496 1776
13 2 496 1760 496 1776
13 0 832 1648 928 1648
13 0 928 1648 928 1728
13 5 1136 1744 Rd
13 7 1136 1744
13 0 1072 1744 1136 1744
13 5 1136 1744 Rd
13 8 1136 1744 2
13 7 448 432
13 8 448 432 0
13 7 496 432
13 8 496 432 0
13 7 560 432
13 8 560 432 0
13 8 448 432 0
13 8 496 432 0
13 8 560 432 0
17 0 ib 432 304 1
17 0 ib 544 304 1
17 0 ib 640 304 1
17 0 19
17 0 ib 448 304 1
13 0 400 400 448 400
13 0 448 400 448 432
13 0 496 400 496 432
13 0 592 400 592 432
13 2 592 400 592 432
13 0 592 400 592 432
13 2 592 400 592 432
13 0 592 432 560 432
13 2 560 432 592 432
13 0 560 432 592 432
13 0 592 432 592 400
17 0 19
17 0 20
17 0 21
13 0 592 416 592 400
13 2 592 400 592 416
13 2 592 416 592 432
13 2 560 432 592 432
13 0 560 400 560 432
13 2 400 400 448 400
17 0 ib 464 288 1
17 0 ib 544 288 1
17 0 ib 640 288 1
13 0 496 384 496 416
13 0 592 384 560 384
13 0 560 384 560 400
13 0 416 384 448 384
13 0 448 384 448 400
13 0 416 288 416 256
13 0 496 288 496 256
13 0 592 288 592 256
13 5 416 256 A
13 5 496 256 B
13 5 592 256 C
13 8 416 256 1
13 8 496 256 1
13 8 592 256 1
13 2 1072 688 1136 688
13 7 1136 688
13 8 1136 688 0
13 0 1168 688 1200 688
13 0 1072 688 1168 688
13 5 1200 688 Le
13 8 1136 688 2
13 8 1200 688 2
13 0 1120 688 1200 688
13 2 1120 688 1200 688
13 2 1072 688 1120 688
13 7 1200 688
13 8 1200 688 0
13 8 1200 688 0
13 0 1120 1040 1136 1040
13 2 1120 1040 1136 1040
13 7 1136 1040
13 8 1136 1040 0
13 8 1136 1040 0
13 0 1120 1440 1136 1440
13 2 1120 1440 1136 1440
13 7 1136 1440
13 8 1136 1440 0
13 8 1136 1440 0
13 7 1136 1744
13 8 1136 1744 0
13 8 1136 1744 0
13 0 1072 688 1120 688
13 5 1120 688 Le
13 5 1120 1040 Ld
13 5 1120 1440 Re
13 5 1136 1744 Rd
13 8 1120 688 2
13 8 1120 1040 2
13 8 1120 1440 2
13 8 1136 1744 2
