  Lattice Mapping Report File for Design Module 'RemoteControllerSchematic'

Design Information
------------------

Command line:   map -a MachXO2 -p LCMXO2-7000HE -t TQFP144 -s 4 -oc Commercial
     ece272_lab2_ece272_lab2.ngd -o ece272_lab2_ece272_lab2_map.ncd -pr
     ece272_lab2_ece272_lab2.prf -mp ece272_lab2_ece272_lab2.mrp
     Z:/Windows.Documents/Desktop/ECE272 Lab2/ece272_lab2.lpf -c 0
Target Vendor:  LATTICE
Target Device:  LCMXO2-7000HETQFP144
Target Performance:   4
Mapper:  xo2c00,  version:  Diamond (64-bit) 2.2.0.101
Mapped on:  04/17/14  18:56:39

Design Summary
--------------

   Number of registers:    0
      PFU registers:    0
      PIO registers:    0
   Number of SLICEs:             2 out of  3432 (0%)
      SLICEs(logic/ROM):         2 out of   858 (0%)
      SLICEs(logic/ROM/RAM):     0 out of  2574 (0%)
          As RAM:            0 out of  2574 (0%)
          As Logic/ROM:      0 out of  2574 (0%)
   Number of logic LUT4s:       4
   Number of distributed RAM:   0 (0 LUT4s)
   Number of ripple logic:      0 (0 LUT4s)
   Number of shift registers:   0
   Total number of LUT4s:       4
   Number of PIO sites used: 7 + 4(JTAG) out of 115 (10%)
   Number of block RAMs:  0 out of 26 (0%)
   Number of GSRs:  0 out of 1 (0%)
   EFB used :       No
   JTAG used :      No
   Readback used :  No
   Oscillator used :  No
   Startup used :   No
   POR :            On
   Bandgap :        On
   Number of Power Controller:  0 out of 1 (0%)
   Number of Dynamic Bank Controller (BCINRD):  0 out of 6 (0%)
   Number of Dynamic Bank Controller (BCLVDSO):  0 out of 1 (0%)
   Number of DCCA:  0 out of 8 (0%)
   Number of DCMA:  0 out of 2 (0%)
   Number of PLLs:  0 out of 2 (0%)
   Number of DQSDLLs:  0 out of 2 (0%)
   Number of CLKDIVC:  0 out of 4 (0%)
   Number of ECLKSYNCA:  0 out of 4 (0%)
   Number of ECLKBRIDGECS:  0 out of 2 (0%)
   Notes:-
      1. Total number of LUT4s = (Number of logic LUT4s) + 2*(Number of
     distributed RAMs) + 2*(Number of ripple logic)
      2. Number of logic LUT4s does not include count of distributed RAM and
     ripple logic.
   Number of clocks:  0
   Number of Clock Enables:  0
   Number of LSRs:  0
   Number of nets driven by tri-state buffers:  0

                                    Page 1




Design:  RemoteControllerSchematic                     Date:  04/17/14  18:56:39

Design Summary (cont)
---------------------
   Top 10 highest fanout non-clock nets:
     Net N_26: 3 loads
     Net N_27: 3 loads
     Net N_28: 2 loads
     Net Ld_c: 1 loads
     Net Le_c: 1 loads
     Net Rd_c: 1 loads
     Net Re_c: 1 loads




   Number of warnings:  0
   Number of errors:    0

Design Errors/Warnings
----------------------

   No errors or warnings present.

IO (PIO) Attributes
-------------------

+---------------------+-----------+-----------+------------+
| IO Name             | Direction | Levelmode | IO         |
|                     |           |  IO_TYPE  | Register   |
+---------------------+-----------+-----------+------------+
| C                   | INPUT     | LVCMOS25  |            |
+---------------------+-----------+-----------+------------+
| B                   | INPUT     | LVCMOS25  |            |
+---------------------+-----------+-----------+------------+
| A                   | INPUT     | LVCMOS25  |            |
+---------------------+-----------+-----------+------------+
| Re                  | OUTPUT    | LVCMOS25  |            |
+---------------------+-----------+-----------+------------+
| Rd                  | OUTPUT    | LVCMOS25  |            |
+---------------------+-----------+-----------+------------+
| Le                  | OUTPUT    | LVCMOS25  |            |
+---------------------+-----------+-----------+------------+
| Ld                  | OUTPUT    | LVCMOS25  |            |
+---------------------+-----------+-----------+------------+

Removed logic
-------------

Block i34 undriven or does not drive anything - clipped.
Block GSR_INST undriven or does not drive anything - clipped.
Signal N_19 was merged into signal N_28
Signal N_18 was merged into signal N_26
Signal VCC_net undriven or does not drive anything - clipped.
Block I15 was optimized away.
Block I14 was optimized away.





                                    Page 2




Design:  RemoteControllerSchematic                     Date:  04/17/14  18:56:39

Memory Usage
------------


Run Time and Memory Usage
-------------------------

   Total CPU Time: 0 secs
   Total REAL Time: 0 secs
   Peak Memory Usage: 58 MB
















































                                    Page 3


Copyright (c) 1991-1994 by NeoCAD Inc. All rights reserved.
Copyright (c) 1995
     AT&T Corp.   All rights reserved.
Copyright (c) 1995-2001 Lucent
     Technologies Inc.  All rights reserved.
Copyright (c) 2001 Agere Systems
     All rights reserved.
Copyright (c) 2002-2013 Lattice Semiconductor
     Corporation,  All rights reserved.
