10 1 1
10 1 1
10 1 1
13 2 448 1536 704 1536
13 0 448 1536 448 1504
13 2 448 1504 448 1536
13 2 448 1536 448 1648
13 0 448 1520 448 1648
13 0 448 1520 448 1504
13 0 448 1520 704 1520
13 0 704 1520 704 1536
13 2 448 1520 704 1520
13 0 448 1520 448 1504
13 2 448 1504 448 1520
13 2 448 1520 448 1648
13 0 448 1536 448 1648
13 0 448 1536 448 1504
13 0 448 1536 704 1536
13 0 704 1536 704 1520
13 2 704 1520 704 1536
13 2 448 1536 704 1536
13 0 448 1536 448 1504
13 2 448 1504 448 1536
13 2 448 1536 448 1648
13 0 448 1536 448 1648
13 0 448 1536 448 1504
13 0 448 1536 704 1536
13 0 480 1536 704 1536
13 2 480 1536 704 1536
13 2 448 1536 480 1536
13 0 496 1536 448 1536
13 0 496 1536 704 1536
13 0 464 1536 496 1536
13 2 464 1536 496 1536
13 2 448 1536 464 1536
